Build started 11/6/2013 12:27:13 AM.
     1>Project "C:\Users\Lindsey\documents\visual studio 2012\Projects\LindseysMaze\LindseysMaze\LindseysMaze.vcxproj" on node 2 (Build target(s)).
     1>ClCompile:
         C:\Program Files (x86)\Microsoft Visual Studio 11.0\VC\bin\CL.exe /c /ZI /nologo /W4 /WX- /Od /Oy- /D _CRT_SECURE_NO_WARNINGS /D WIN32 /Gm /EHsc /RTC1 /MDd /GS /fp:precise /Zc:wchar_t /Zc:forScope /Fo"Debug\\" /Fd"Debug\vc110.pdb" /Gd /TP /analyze- /errorReport:prompt Maze.cpp
         Maze.cpp
     1>c:\users\lindsey\documents\visual studio 2012\projects\lindseysmaze\lindseysmaze\modelview.h(58): warning C4018: '<' : signed/unsigned mismatch
     1>c:\users\lindsey\documents\visual studio 2012\projects\lindseysmaze\lindseysmaze\modelview.h(62): warning C4018: '<' : signed/unsigned mismatch
     1>c:\users\lindsey\documents\visual studio 2012\projects\lindseysmaze\lindseysmaze\modelview.h(74): warning C4018: '<' : signed/unsigned mismatch
     1>c:\users\lindsey\documents\visual studio 2012\projects\lindseysmaze\lindseysmaze\modelview.h(63): warning C4189: 'type' : local variable is initialized but not referenced
     1>c:\users\lindsey\documents\visual studio 2012\projects\lindseysmaze\lindseysmaze\modelview.h(165): warning C4018: '<' : signed/unsigned mismatch
     1>c:\users\lindsey\documents\visual studio 2012\projects\lindseysmaze\lindseysmaze\modelview.h(153): warning C4189: 'm_wall_texture_id' : local variable is initialized but not referenced
     1>c:\users\lindsey\documents\visual studio 2012\projects\lindseysmaze\lindseysmaze\modelview.h(154): warning C4189: 'm_wall_texture_id2' : local variable is initialized but not referenced
     1>c:\users\lindsey\documents\visual studio 2012\projects\lindseysmaze\lindseysmaze\maze.cpp(166): warning C4309: 'argument' : truncation of constant value
     1>c:\users\lindsey\documents\visual studio 2012\projects\lindseysmaze\lindseysmaze\maze.cpp(391): warning C4100: 'y' : unreferenced formal parameter
     1>c:\users\lindsey\documents\visual studio 2012\projects\lindseysmaze\lindseysmaze\maze.cpp(391): warning C4100: 'x' : unreferenced formal parameter
     1>c:\users\lindsey\documents\visual studio 2012\projects\lindseysmaze\lindseysmaze\maze.cpp(441): warning C4100: 'y' : unreferenced formal parameter
     1>c:\users\lindsey\documents\visual studio 2012\projects\lindseysmaze\lindseysmaze\maze.cpp(441): warning C4100: 'x' : unreferenced formal parameter
     1>c:\users\lindsey\documents\visual studio 2012\projects\lindseysmaze\lindseysmaze\maze.cpp(448): warning C4100: 'y' : unreferenced formal parameter
     1>c:\users\lindsey\documents\visual studio 2012\projects\lindseysmaze\lindseysmaze\maze.cpp(448): warning C4100: 'x' : unreferenced formal parameter
     1>c:\users\lindsey\documents\visual studio 2012\projects\lindseysmaze\lindseysmaze\maze.cpp(448): warning C4100: 'state' : unreferenced formal parameter
     1>c:\users\lindsey\documents\visual studio 2012\projects\lindseysmaze\lindseysmaze\maze.cpp(448): warning C4100: 'btn' : unreferenced formal parameter
     1>c:\users\lindsey\documents\visual studio 2012\projects\lindseysmaze\lindseysmaze\maze.cpp(452): warning C4100: 'y' : unreferenced formal parameter
     1>c:\users\lindsey\documents\visual studio 2012\projects\lindseysmaze\lindseysmaze\maze.cpp(452): warning C4100: 'x' : unreferenced formal parameter
     1>c:\program files (x86)\microsoft visual studio 11.0\vc\include\glut.h(549): warning C4505: 'glutCreateMenu_ATEXIT_HACK' : unreferenced local function has been removed
       Link:
         C:\Program Files (x86)\Microsoft Visual Studio 11.0\VC\bin\link.exe /ERRORREPORT:PROMPT /OUT:"C:\Users\Lindsey\documents\visual studio 2012\Projects\LindseysMaze\Debug\LindseysMaze.exe" /INCREMENTAL /NOLOGO glew32.lib odbc32.lib odbccp32.lib opengl32.lib glu32.lib glut32.lib GdiPlus.lib kernel32.lib user32.lib gdi32.lib winspool.lib comdlg32.lib advapi32.lib shell32.lib ole32.lib oleaut32.lib uuid.lib odbc32.lib odbccp32.lib /MANIFEST /MANIFESTUAC:"level='asInvoker' uiAccess='false'" /manifest:embed /DEBUG /PDB:"C:\Users\Lindsey\documents\visual studio 2012\Projects\LindseysMaze\Debug\LindseysMaze.pdb" /TLBID:1 /DYNAMICBASE /NXCOMPAT /IMPLIB:"C:\Users\Lindsey\documents\visual studio 2012\Projects\LindseysMaze\Debug\LindseysMaze.lib" /MACHINE:X86 Debug\Maze.obj
         LindseysMaze.vcxproj -> C:\Users\Lindsey\documents\visual studio 2012\Projects\LindseysMaze\Debug\LindseysMaze.exe
     1>Done Building Project "C:\Users\Lindsey\documents\visual studio 2012\Projects\LindseysMaze\LindseysMaze\LindseysMaze.vcxproj" (Build target(s)).

Build succeeded.

Time Elapsed 00:00:03.77
